2022-07-03 17:11:52  INFO  - com.company.KunUzDemoApplication  - Starting KunUzDemoApplication using Java 17.0.3 on MacBook-Pro-Qoraxonov.local with PID 6545 (/Users/qoraxonovbekzod/Downloads/kun_uz_demo/kun_uz_demo/target/classes started by qoraxonovbekzod in /Users/qoraxonovbekzod/Downloads/kun_uz_demo/kun_uz_demo)
2022-07-03 17:11:52  INFO  - com.company.KunUzDemoApplication  - No active profile set, falling back to 1 default profile: "default"
2022-07-03 17:11:52  INFO  - org.springframework.boot.devtools.env.DevToolsPropertyDefaultsPostProcessor  - Devtools property defaults active! Set 'spring.devtools.add-properties' to 'false' to disable
2022-07-03 17:11:52  INFO  - org.springframework.boot.devtools.env.DevToolsPropertyDefaultsPostProcessor  - For additional web related logging consider setting the 'logging.level.web' property to 'DEBUG'
2022-07-03 17:11:53  INFO  - org.springframework.data.repository.config.RepositoryConfigurationDelegate  - Bootstrapping Spring Data JPA repositories in DEFAULT mode.
2022-07-03 17:11:53  INFO  - org.springframework.data.repository.config.RepositoryConfigurationDelegate  - Finished Spring Data repository scanning in 24 ms. Found 16 JPA repository interfaces.
2022-07-03 17:11:53  INFO  - org.springframework.boot.web.embedded.tomcat.TomcatWebServer  - Tomcat initialized with port(s): 8080 (http)
2022-07-03 17:11:53  INFO  - org.apache.catalina.core.StandardService  - Starting service [Tomcat]
2022-07-03 17:11:53  INFO  - org.apache.catalina.core.StandardEngine  - Starting Servlet engine: [Apache Tomcat/9.0.64]
2022-07-03 17:11:53  INFO  - org.apache.catalina.core.ContainerBase.[Tomcat].[localhost].[/]  - Initializing Spring embedded WebApplicationContext
2022-07-03 17:11:53  INFO  - org.springframework.boot.web.servlet.context.ServletWebServerApplicationContext  - Root WebApplicationContext: initialization completed in 639 ms
2022-07-03 17:11:53  WARN  - org.springframework.boot.web.servlet.context.AnnotationConfigServletWebServerApplicationContext  - Exception encountered during context initialization - cancelling refresh attempt: org.springframework.beans.factory.UnsatisfiedDependencyException: Error creating bean with name 'dataSourceScriptDatabaseInitializer' defined in class path resource [org/springframework/boot/autoconfigure/sql/init/DataSourceInitializationConfiguration.class]: Unsatisfied dependency expressed through method 'dataSourceScriptDatabaseInitializer' parameter 0; nested exception is org.springframework.beans.factory.BeanCreationException: Error creating bean with name 'dataSource' defined in class path resource [org/springframework/boot/autoconfigure/jdbc/DataSourceConfiguration$Hikari.class]: Bean instantiation via factory method failed; nested exception is org.springframework.beans.BeanInstantiationException: Failed to instantiate [com.zaxxer.hikari.HikariDataSource]: Factory method 'dataSource' threw exception; nested exception is org.springframework.boot.autoconfigure.jdbc.DataSourceProperties$DataSourceBeanCreationException: Failed to determine a suitable driver class
2022-07-03 17:11:53  INFO  - org.apache.catalina.core.StandardService  - Stopping service [Tomcat]
2022-07-03 17:11:53  INFO  - org.springframework.boot.autoconfigure.logging.ConditionEvaluationReportLoggingListener  - 

Error starting ApplicationContext. To display the conditions report re-run your application with 'debug' enabled.
2022-07-03 17:11:53  ERROR - org.springframework.boot.diagnostics.LoggingFailureAnalysisReporter  - 

***************************
APPLICATION FAILED TO START
***************************

Description:

Failed to configure a DataSource: 'url' attribute is not specified and no embedded datasource could be configured.

Reason: Failed to determine a suitable driver class


Action:

Consider the following:
	If you want an embedded database (H2, HSQL or Derby), please put it on the classpath.
	If you have database settings to be loaded from a particular profile you may need to activate it (no profiles are currently active).

